Build started 4/28/2015 4:23:35 PM.
     1>Project "E:\CSE 687 - Object Oriented Design\Submissions\Sandesh Project 4\Code\Receiver\Receiver.vcxproj" on node 5 (Rebuild target(s)).
     1>ClCompile:
         C:\Program Files (x86)\Microsoft Visual Studio 12.0\VC\bin\CL.exe /c /ZI /nologo /W3 /WX- /sdl /Od /Oy- /D WIN32 /D _DEBUG /D _CONSOLE /D _LIB /D _UNICODE /D UNICODE /D TEST_RECEIVER /Gm /EHsc /RTC1 /MDd /GS /fp:precise /Zc:wchar_t /Zc:forScope /Fo"Debug\\" /Fd"Debug\vc120.pdb" /Gd /TP /analyze- /errorReport:prompt ..\ApplicationHelpers\AppHelpers.cpp ..\Catalogue\Catalogue.cpp ..\DataStore\DataStore.cpp ..\Display\Display.cpp ..\FileManager\FileManager.cpp ..\FileSystem\FileSystem.cpp ..\Message\Message.cpp "..\QServer\Cpp11-BlockingQueue\Cpp11-BlockingQueue.cpp" ..\QServer\QServer\QServer.cpp ..\Sender\Sender.cpp ..\Server\Server.cpp ..\Sockets\Sockets.cpp Receiver.cpp
         Receiver.cpp
         Sockets.cpp
         Server.cpp
         Sender.cpp
         QServer.cpp
         Cpp11-BlockingQueue.cpp
         Message.cpp
         FileSystem.cpp
         FileManager.cpp
         Display.cpp
         DataStore.cpp
         Catalogue.cpp
         AppHelpers.cpp
         Generating Code...
       Link:
         C:\Program Files (x86)\Microsoft Visual Studio 12.0\VC\bin\link.exe /ERRORREPORT:PROMPT /OUT:"E:\CSE 687 - Object Oriented Design\Submissions\Sandesh Project 4\Code\Debug\Receiver.exe" /INCREMENTAL /NOLOGO kernel32.lib user32.lib gdi32.lib winspool.lib comdlg32.lib advapi32.lib shell32.lib ole32.lib oleaut32.lib uuid.lib odbc32.lib odbccp32.lib /MANIFEST /MANIFESTUAC:"level='asInvoker' uiAccess='false'" /manifest:embed /DEBUG /PDB:"E:\CSE 687 - Object Oriented Design\Submissions\Sandesh Project 4\Code\Debug\Receiver.pdb" /SUBSYSTEM:CONSOLE /TLBID:1 /DYNAMICBASE /NXCOMPAT /IMPLIB:"E:\CSE 687 - Object Oriented Design\Submissions\Sandesh Project 4\Code\Debug\Receiver.lib" /MACHINE:X86 Debug\AppHelpers.obj
         Debug\Catalogue.obj
         Debug\DataStore.obj
         Debug\Display.obj
         Debug\FileManager.obj
         Debug\FileSystem.obj
         Debug\Message.obj
         "Debug\Cpp11-BlockingQueue.obj"
         Debug\QServer.obj
         Debug\Sender.obj
         Debug\Server.obj
         Debug\Sockets.obj
         Debug\Receiver.obj
         Receiver.vcxproj -> E:\CSE 687 - Object Oriented Design\Submissions\Sandesh Project 4\Code\Debug\Receiver.exe
     1>Done Building Project "E:\CSE 687 - Object Oriented Design\Submissions\Sandesh Project 4\Code\Receiver\Receiver.vcxproj" (Rebuild target(s)).

Build succeeded.

Time Elapsed 00:00:22.74
